\BOOKMARK [1][-]{section.1}{\376\377\000K\000H\000R\000\040\0001}{}% 1
\BOOKMARK [2][-]{subsection.1.1}{\376\377\000Y\000r\000\360\000i\000n\000g\000a\000r\000\366\000k\000f\000r\000\346\000\360\000i\000\040\000\050\000e\000.\000\040\000P\000r\000o\000p\000o\000s\000i\000t\000i\000o\000n\000a\000l\000\040\000L\000o\000g\000i\000c\000\051}{section.1}% 2
\BOOKMARK [2][-]{subsection.1.2}{\376\377\000B\000e\000i\000t\000i\000n\000g\000\040\000\341\000\040\000r\000\366\000k\000f\000r\000\346\000\360\000i\000\040\000\050\000e\000.\000\040\000A\000p\000p\000l\000i\000c\000a\000t\000i\000o\000n\000s\000\040\000o\000f\000\040\000P\000r\000o\000p\000o\000s\000i\000t\000i\000o\000n\000a\000l\000\040\000L\000o\000g\000i\000c\000\051}{section.1}% 3
\BOOKMARK [2][-]{subsection.1.3}{\376\377\000J\000a\000f\000n\000g\000i\000l\000d\000a\000r\000\040\000y\000r\000\360\000i\000n\000g\000a\000r\000\040\000\050\000e\000.\000\040\000P\000r\000o\000p\000o\000s\000i\000t\000i\000o\000n\000a\000l\000\040\000E\000q\000u\000i\000v\000a\000l\000e\000n\000c\000e\000s\000\051}{section.1}% 4
\BOOKMARK [2][-]{subsection.1.4}{\376\377\000U\000m\000s\000a\000g\000n\000i\000r\000\040\000o\000g\000\040\000k\000v\000a\000n\000t\000a\000r\000a\000r\000\040\000\050\000e\000.\000\040\000P\000r\000e\000d\000i\000c\000a\000t\000e\000s\000\040\000a\000n\000d\000\040\000Q\000u\000a\000n\000t\000i\000f\000i\000e\000r\000s\000\051}{section.1}% 5
\BOOKMARK [2][-]{subsection.1.5}{\376\377\000M\000a\000r\000g\000f\000a\000l\000d\000i\000r\000\040\000k\000v\000a\000n\000t\000a\000r\000a\000r\000\040\000\050\000e\000.\000\040\000N\000e\000s\000t\000e\000d\000\040\000Q\000u\000a\000n\000t\000i\000f\000i\000e\000r\000s\000\051}{section.1}% 6
\BOOKMARK [2][-]{subsection.1.7}{\376\377\000S\000\366\000n\000n\000u\000n\000a\000r\000a\000\360\000f\000e\000r\000\360\000i\000r\000\040\000\050\000e\000.\000\040\000I\000n\000t\000r\000o\000d\000u\000c\000t\000i\000o\000n\000\040\000t\000o\000\040\000P\000r\000o\000o\000f\000s\000\051}{section.1}% 7
\BOOKMARK [1][-]{section.2}{\376\377\000K\000H\000R}{}% 8
\BOOKMARK [2][-]{subsection.2.1}{\376\377\000M\000e\000n\000g\000i\000\040\000\050\000e\000.\000\040\000S\000e\000t\000s\000\051}{section.2}% 9
\BOOKMARK [2][-]{subsection.2.2}{\376\377\000M\000e\000n\000g\000j\000a\000a\000\360\000g\000e\000r\000\360\000i\000r\000\040\000\050\000e\000.\000\040\000S\000e\000t\000\040\000O\000p\000e\000r\000a\000t\000i\000o\000n\000s\000\051}{section.2}% 10
\BOOKMARK [3][-]{subsubsection.2.2.1}{\376\377\000S\000a\000n\000n\000a\000\040\000D\000e\000\040\000m\000o\000r\000g\000a\000n\000\040\000l\000a\000w}{subsection.2.2}% 11
\BOOKMARK [2][-]{subsection.8.5}{\376\377\000T\000a\000l\000n\000i\000n\000g\000\040\000s\000t\000a\000k\000a\000\040\000\355\000\040\000m\000e\000n\000g\000j\000u\000m\000\040\000\050\000e\000.\000\040\000I\000n\000c\000l\000u\000s\000i\000o\000n\040\023\000\040\000E\000x\000c\000l\000u\000s\000i\000o\000n\000\051}{section.2}% 12
\BOOKMARK [3][-]{subsubsection.8.5.1}{\376\377\000A\000n\000n\000a\000\360\000\040\000d\000\346\000m\000i}{subsection.8.5}% 13
\BOOKMARK [2][-]{subsection.2.3}{\376\377\000F\000\366\000l\000l\000\040\000\050\000e\000.\000\040\000F\000u\000n\000c\000t\000i\000o\000n\000s\000\051}{section.2}% 14
\BOOKMARK [3][-]{subsubsection.2.3.1}{\376\377\000L\000o\000f\000t\000\040\000f\000\366\000l\000l\000\040\000o\000g\000\040\000g\000\363\000l\000f\000\040\000f\000\366\000l\000l}{subsection.2.3}% 15
\BOOKMARK [2][-]{subsection.2.4}{\376\377\000R\000u\000n\000u\000r\000\040\000o\000g\000\040\000s\000u\000m\000m\000u\000r\000\040\000\050\000e\000.\000\040\000S\000e\000q\000u\000e\000n\000c\000e\000s\000\040\000a\000n\000d\000\040\000S\000u\000m\000m\000a\000t\000i\000o\000n\000s\000\051}{section.2}% 16
\BOOKMARK [3][-]{subsubsection.2.4.1}{\376\377\000R\000u\000n\000u\000r\000\040\000m\000e\000\360\000\040\000R\000e\000i\000k\000n\000i\000s\000f\000o\000r\000m\000\372\000l\000u\000r}{subsection.2.4}% 17
\BOOKMARK [3][-]{subsubsection.2.4.2}{\376\377\000S\000u\000m\000m\000u\000r}{subsection.2.4}% 18
\BOOKMARK [2][-]{subsection.2.6}{\376\377\000F\000y\000l\000k\000i\000\040\000\050\000e\000.\000M\000a\000t\000r\000i\000c\000e\000s\000\051}{section.2}% 19
\BOOKMARK [3][-]{subsubsection.2.6.1}{\376\377\000M\000a\000r\000g\000f\000\366\000l\000d\000u\000n\000\040\000F\000y\000l\000k\000j\000a}{subsection.2.6}% 20
\BOOKMARK [3][-]{subsubsection.2.6.2}{\376\377\000F\000y\000l\000k\000j\000a\000\040\000g\000r\000a\000f\000\040\000o\000g\000\040\000s\000t\000\346\000r\000\360}{subsection.2.6}% 21
\BOOKMARK [3][-]{subsubsection.2.6.3}{\376\377\000H\000o\000r\000n\000l\000\355\000n\000u\000f\000y\000l\000k\000i}{subsection.2.6}% 22
\BOOKMARK [3][-]{subsubsection.2.6.4}{\376\377\000F\000y\000l\000k\000j\000a\000\040\000f\000o\000r\000m\000\372\000l\000u\000r}{subsection.2.6}% 23
\BOOKMARK [3][-]{subsubsection.2.6.5}{\376\377\000A\000n\000n\000d\000h\000v\000e\000r\000f\000a\000\040\000f\000i\000l\000k\000i\000s\000.}{subsection.2.6}% 24
\BOOKMARK [3][-]{subsubsection.2.6.6}{\376\377\000R\000\366\000k\000v\000i\000r\000k\000j\000a\000\040\000f\000y\000l\000k\000i}{subsection.2.6}% 25
\BOOKMARK [1][-]{section.4}{\376\377\000K\000H\000R}{}% 26
\BOOKMARK [2][-]{subsection.4.1}{\376\377\000H\000e\000i\000l\000t\000\366\000l\000u\000d\000e\000i\000l\000i\000n\000g\000\040\000o\000g\000\040\000m\000\341\000t\000r\000e\000i\000k\000n\000i\000n\000g\000u\000r\000\040\000\050\000e\000.\000\040\000D\000i\000v\000i\000s\000i\000b\000i\000l\000i\000t\000y\000\040\000a\000n\000d\000\040\000M\000o\000d\000u\000l\000a\000r\000\040\000A\000r\000i\000t\000h\000m\000e\000t\000i\000c\000\051}{section.4}% 27
\BOOKMARK [3][-]{subsubsection.4.1.1}{\376\377\000H\000e\000i\000l\000t\000\366\000l\000u\000d\000e\000i\000l\000i\000n\000g}{subsection.4.1}% 28
\BOOKMARK [3][-]{subsubsection.4.1.2}{\376\377\000R\000e\000i\000k\000n\000i\000r\000i\000t\000\040\000E\000v\000k\000l\000\355\000\360\000s\000\040\000o\000g\000\040\000m\000o\000d}{subsection.4.1}% 29
\BOOKMARK [2][-]{subsection.4.3}{\376\377\000P\000r\000\355\000m\000t\000\366\000l\000u\000r\000\040\000o\000g\000\040\000s\000t\000\346\000r\000s\000t\000i\000\040\000s\000a\000m\000d\000e\000i\000l\000i\000r\000i\000n\000n\000\040\000\050\000e\000.\000\040\000P\000r\000i\000m\000e\000s\000\040\000a\000n\000d\000\040\000G\000r\000e\000a\000t\000e\000s\000t\000\040\000C\000o\000m\000m\000o\000n\000\040\000D\000i\000v\000i\000s\000o\000r\000\051}{section.4}% 30
\BOOKMARK [3][-]{subsubsection.4.3.1}{\376\377\000F\000r\000u\000m\000\376\000\341\000t\000t\000u\000n}{subsection.4.3}% 31
\BOOKMARK [3][-]{subsubsection.4.3.2}{\376\377\000\323\000s\000a\000m\000\376\000\341\000t\000t\000a}{subsection.4.3}% 32
\BOOKMARK [3][-]{subsubsection.4.3.3}{\376\377\000S\000t\000\346\000r\000s\000t\000i\000\040\000s\000a\000m\000d\000e\000i\000l\000i\000r\000,\000\040\000g\000c\000d}{subsection.4.3}% 33
\BOOKMARK [3][-]{subsubsection.4.3.4}{\376\377\000E\000v\000k\000l\000\355\000\360\000s}{subsection.4.3}% 34
\BOOKMARK [2][-]{subsection.4.5}{\376\377\000N\000o\000t\000k\000u\000n\000\040\000l\000e\000i\000f\000a\000j\000a\000f\000n\000a\000\040\000\050\000e\000.\000\040\000A\000p\000p\000l\000i\000c\000a\000t\000i\000o\000n\000s\000\040\000o\000f\000\040\000C\000o\000n\000g\000r\000u\000e\000n\000c\000e\000s\000\051}{section.4}% 35
\BOOKMARK [3][-]{subsubsection.4.5.1}{\376\377\000G\000e\000r\000v\000i\000s\000l\000e\000m\000p\000i\000r\000u\000n\000n\000u\000n\000a}{subsection.4.5}% 36
\BOOKMARK [1][-]{section.5}{\376\377\000K\000H\000R}{}% 37
\BOOKMARK [2][-]{subsection.5.1}{\376\377\000S\000t\000\346\000r\000\360\000f\000r\000\346\000\360\000i\000l\000e\000g\000\040\000\376\000r\000e\000p\000u\000n\000\040\000\050\000e\000.\000\040\000M\000a\000t\000h\000e\000m\000a\000t\000i\000c\000a\000l\000\040\000I\000n\000d\000u\000c\000t\000i\000o\000n\000\051}{section.5}% 38
\BOOKMARK [3][-]{subsubsection.5.1.1}{\376\377\000\326\000n\000n\000u\000r\000\040\000\376\000r\000e\000p\000u\000n\000a\000r\000s\000\366\000n\000n\000u\000n}{subsection.5.1}% 39
\BOOKMARK [2][-]{subsection.5.2}{\376\377\000S\000t\000e\000r\000k\000\040\000\376\000r\000e\000p\000u\000n\000\040\000\050\000e\000.\000\040\000S\000t\000r\000o\000n\000g\000\040\000i\000n\000d\000u\000c\000t\000i\000o\000n\000\040\000u\000p\000\051\000\040\000u\000p\000p\000\040\000a\000\360\000\040\000\050\000e\000.\000\040\000u\000p\000\040\000t\000o\000\051\000\040\000"\000U\000s\000i\000n\000g\000\040\000S\000t\000r\000o\000n\000g\000\040\000I\000n\000d\000u\000c\000t\000i\000o\000n\000\040\000i\000n\000\040\000C\000o\000m\000p\000u\000t\000a\000t\000i\000o\000n\000a\000l\000\040\000G\000e\000o\000m\000e\000t\000r\000y\000"}{section.5}% 40
\BOOKMARK [2][-]{subsection.5.3}{\376\377\000\336\000r\000e\000p\000u\000n\000a\000r\000s\000k\000i\000l\000g\000r\000e\000i\000n\000i\000n\000g\000a\000r\000\040\000\050\000e\000.\000\040\000R\000e\000c\000u\000r\000s\000i\000v\000e\000\040\000D\000e\000f\000i\000n\000i\000t\000i\000o\000n\000s\000\051\000\040\000u\000p\000p\000\040\000a\000\360\000\040\000\050\000e\000.\000\040\000u\000p\000\040\000t\000o\000\051\000\040\000"\000E\000x\000a\000m\000p\000l\000e\000\040\0004\000"}{section.5}% 41
\BOOKMARK [1][-]{section.6}{\376\377\000K\000H\000R}{}% 42
\BOOKMARK [2][-]{subsection.6.1}{\376\377\000G\000r\000u\000n\000n\000a\000t\000r\000i\000\360\000i\000\040\000\355\000\040\000t\000a\000l\000n\000i\000n\000g\000u\000\040\000\050\000e\000.\000\040\000T\000h\000e\000\040\000B\000a\000s\000i\000c\000s\000\040\000o\000f\000\040\000C\000o\000u\000n\000t\000i\000n\000g\000\051}{section.6}% 43
\BOOKMARK [3][-]{subsubsection.6.1.1}{\376\377\000T\000a\000l\000n\000i\000n\000g\000a\000f\000r\000\346\000\360\000i\000,\000\040\000n\000e\000f\000n\000d\000i\000r}{subsection.6.1}% 44
\BOOKMARK [3][-]{subsubsection.6.1.2}{\376\377\000T\000a\000l\000n\000i\000n\000g\000a\000f\000r\000\346\000\360\000i\000,\000\040\000b\000i\000t\000a\000s\000t\000r\000e\000n\000g\000i\000r}{subsection.6.1}% 45
\BOOKMARK [3][-]{subsubsection.6.1.3}{\376\377\000T\000a\000l\000n\000i\000n\000g\000a\000f\000r\000\346\000\360\000i\000,\000\040\000b\000\355\000l\000n\000\372\000m\000e\000r}{subsection.6.1}% 46
\BOOKMARK [3][-]{subsubsection.6.1.4}{\376\377\000T\000a\000l\000n\000i\000n\000g\000a\000f\000r\000\346\000\360\000i\000,\000\040\000s\000a\000m\000h\000v\000e\000r\000f\000i\000r\000\040\000s\000e\000t\000r\000e\000n\000g\000i\000r}{subsection.6.1}% 47
\BOOKMARK [2][-]{subsection.6.2}{\376\377\000S\000k\000\372\000f\000f\000u\000r\000e\000g\000l\000a\000n\000\040\000\050\000e\000.\000\040\000T\000h\000e\000\040\000P\000i\000g\000e\000o\000n\000h\000o\000l\000e\000\040\000P\000r\000i\000n\000c\000i\000p\000l\000e\000\051}{section.6}% 48
\BOOKMARK [3][-]{subsubsection.6.2.1}{\376\377\000T\000a\000l\000n\000i\000n\000g\000a\000f\000r\000\346\000\360\000i\000,\000\040\000u\000m\000r\000a\000\360\000a\000n\000i\000r}{subsection.6.2}% 49
\BOOKMARK [3][-]{subsubsection.6.2.2}{\376\377\000T\000a\000l\000n\000i\000n\000g\000a\000f\000r\000\346\000\360\000i\000,\000\040\000s\000a\000m\000t\000e\000k\000t\000i\000r}{subsection.6.2}% 50
\BOOKMARK [2][-]{subsection.6.3}{\376\377\000U\000m\000r\000a\000\360\000a\000n\000i\000r\000\040\000o\000g\000\040\000s\000a\000m\000a\000n\000t\000e\000k\000t\000i\000r\000\040\000\050\000e\000.\000\040\000P\000e\000r\000m\000u\000t\000a\000t\000i\000o\000n\000s\000\040\000a\000n\000d\000\040\000C\000o\000m\000b\000i\000n\000a\000t\000i\000o\000n\000s\000\051}{section.6}% 51
\BOOKMARK [3][-]{subsubsection.6.3.1}{\376\377\000U\000m\000r\000a\000\360\000a\000n\000i\000r}{subsection.6.3}% 52
\BOOKMARK [3][-]{subsubsection.6.3.2}{\376\377\000T\000a\000l\000n\000i\000n\000g\000,\000\040\000u\000m\000r\000a\000\360\000a\000n\000i\000r\000,\000\040\000s\000a\000m\000t\000e\000k\000t\000i\000r}{subsection.6.3}% 53
\BOOKMARK [3][-]{subsubsection.6.3.3}{\376\377\000T\000a\000l\000n\000i\000n\000g\000,\000\040\000b\000i\000t\000a\000s\000t\000r\000e\000n\000g\000i\000r}{subsection.6.3}% 54
\BOOKMARK [3][-]{subsubsection.6.3.4}{\376\377\000T\000a\000l\000n\000i\000n\000g\000,\000\040\000b\000\355\000l\000n\000\372\000m\000e\000r}{subsection.6.3}% 55
\BOOKMARK [1][-]{section.7}{\376\377\000K\000H\000R}{}% 56
\BOOKMARK [2][-]{subsection.7.1}{\376\377\000I\000n\000n\000g\000a\000n\000g\000u\000r\000\040\000a\000\360\000\040\000s\000t\000r\000j\000\341\000l\000u\000m\000\040\000l\000\355\000k\000i\000n\000d\000u\000m\000\040\000\050\000e\000.\000\040\000A\000n\000\040\000I\000n\000t\000r\000o\000d\000u\000c\000t\000i\000o\000n\000\040\000t\000o\000\040\000D\000i\000s\000c\000r\000e\000t\000e\000\040\000P\000r\000o\000b\000a\000b\000i\000l\000i\000t\000y\000\051\000\040}{section.7}% 57
\BOOKMARK [3][-]{subsubsection.7.1.1}{\376\377\000L\000\355\000k\000i\000n\000d\000a\000f\000r\000\346\000\360\000i}{subsection.7.1}% 58
\BOOKMARK [3][-]{subsubsection.7.1.2}{\376\377\000L\000\355\000k\000i\000n\000d\000a\000f\000r\000\346\000\360\000i\000,\000\040\000p\000\363\000k\000e\000r}{subsection.7.1}% 59
\BOOKMARK [2][-]{subsection.8.1}{\376\377\000B\000e\000i\000t\000i\000n\000g\000\040\000r\000a\000k\000n\000i\000n\000g\000a\000r\000f\000o\000r\000m\000\372\000l\000a\000\040\000\050\000e\000.\000\040\000A\000p\000p\000l\000i\000c\000a\000t\000i\000o\000n\000s\000\040\000o\000f\000\040\000R\000e\000c\000u\000r\000r\000e\000n\000c\000e\000\040\000R\000e\000l\000a\000t\000i\000o\000n\000s\000\051\000\040\000u\000p\000p\000\040\000a\000\360\000\040\000\050\000e\000.\000\040\000u\000p\000\040\000t\000o\000\051}{section.7}% 60
\BOOKMARK [3][-]{subsubsection.8.1.1}{\376\377\000A\000n\000n\000a\000\360\000\040\000d\000\346\000m\000i\000\040\000u\000m\000\040\000r\000a\000k\000n\000i\000n\000g\000a\000r\000f\000o\000r\000m\000\372\000l\000u\000r}{subsection.8.1}% 61
\BOOKMARK [1][-]{section.9}{\376\377\000K\000H\000R}{}% 62
\BOOKMARK [2][-]{subsection.9.1}{\376\377\000V\000e\000n\000s\000l\000\040\000o\000g\000\040\000e\000i\000g\000i\000n\000l\000e\000i\000k\000a\000r\000\040\000\376\000e\000i\000r\000r\000a\000\040\000\050\000e\000.\000\040\000R\000e\000l\000a\000t\000i\000o\000n\000s\000\040\000a\000n\000d\000\040\000T\000h\000e\000i\000r\000\040\000P\000r\000o\000p\000e\000r\000t\000i\000e\000s\000\051}{section.9}% 63
\BOOKMARK [3][-]{subsubsection.9.1.1}{\376\377\000S\000p\000e\000g\000i\000l\000v\000i\000r\000k\000,\000\040\000s\000a\000m\000h\000v\000e\000r\000f\000,\000\040\000a\000n\000d\000s\000a\000m\000h\000v\000e\000r\000f\000,\000\040\000g\000e\000g\000n\000v\000i\000r\000k}{subsection.9.1}% 64
\BOOKMARK [3][-]{subsubsection.9.1.2}{\376\377\000A\000n\000n\000a\000\360\000\040\000d\000\346\000m\000i\000\040\000v\000e\000n\000s\000l\000a}{subsection.9.1}% 65
\BOOKMARK [3][-]{subsubsection.9.1.3}{\376\377\000A\000n\000n\000a\000\360\000\040\000d\000\346\000m\000i\000\040\000v\000e\000n\000s\000l\000a}{subsection.9.1}% 66
\BOOKMARK [2][-]{subsection.9.3}{\376\377\000F\000r\000a\000m\000s\000e\000t\000n\000i\000n\000g\000\040\000v\000e\000n\000s\000l\000a\000\040\000\050\000e\000.\000\040\000R\000e\000p\000r\000e\000s\000e\000n\000t\000i\000n\000g\000\040\000R\000e\000l\000a\000t\000i\000o\000n\000s\000\051}{section.9}% 67
\BOOKMARK [3][-]{subsubsection.9.3.1}{\376\377\000V\000e\000n\000s\000l\000\040\000f\000r\000a\000m\000s\000e\000t\000n\000i\000n\000g\000\040\000m\000e\000\360\000\040\000f\000i\000l\000k\000i}{subsection.9.3}% 68
\BOOKMARK [3][-]{subsubsection.9.3.2}{\376\377\000V\000e\000n\000s\000l\000\040\000t\000a\000l\000i\000n\000g\000\040\000s\000t\000a\000k\000a\000\040\000\355\000\040\000f\000i\000l\000k\000i}{subsection.9.3}% 69
\BOOKMARK [3][-]{subsubsection.9.3.3}{\376\377\000V\000e\000n\000s\000l\000\040\000f\000i\000l\000k\000i\000\040\000s\000a\000m\000s\000e\000t\000t\000\040\000v\000e\000n\000s\000k\000\040\000v\000e\000l\000d\000i}{subsection.9.3}% 70
\BOOKMARK [3][-]{subsubsection.9.3.4}{\376\377\000V\000e\000n\000s\000l\000\040\000f\000r\000a\000m\000s\000e\000t\000n\000i\000n\000g\000\040\000m\000e\000\360\000\040\000n\000e\000t\000i\000\040}{subsection.9.3}% 71
\BOOKMARK [2][-]{subsection.9.5}{\376\377\000J\000a\000f\000n\000g\000i\000l\000d\000i\000s\000v\000e\000n\000s\000l\000\040\000\050\000e\000.\000\040\000E\000q\000u\000i\000v\000a\000l\000e\000n\000c\000e\000\040\000R\000e\000l\000a\000t\000i\000o\000n\000s\000\051}{section.9}% 72
\BOOKMARK [3][-]{subsubsection.9.5.1}{\376\377\000J\000a\000f\000n\000g\000i\000l\000d\000i\000s\000v\000e\000n\000s\000l}{subsection.9.5}% 73
\BOOKMARK [1][-]{section.10}{\376\377\000K\000H\000R}{}% 74
\BOOKMARK [2][-]{subsection.10.1}{\376\377\000N\000e\000t\000\040\000o\000g\000\040\000n\000e\000t\000l\000\355\000k\000\366\000n\000\050\000e\000.\000\040\000G\000r\000a\000p\000h\000s\000\040\000a\000n\000d\000\040\000G\000r\000a\000p\000h\000\040\000M\000o\000d\000e\000l\000s\000\051}{section.10}% 75
\BOOKMARK [2][-]{subsection.10.2}{\376\377\000N\000e\000t\000a\000\040\000h\000u\000g\000t\000\366\000k\000\040\000o\000g\000\040\000s\000\351\000r\000s\000t\000a\000k\000a\000r\000\040\000t\000e\000g\000u\000n\000d\000i\000r\000\040\000n\000e\000t\000a\000\040\000\050\000e\000.\000\040\000G\000r\000a\000p\000h\000\040\000T\000e\000r\000m\000i\000n\000o\000l\000o\000g\000y\000\040\000a\000n\000d\000\040\000S\000p\000e\000c\000i\000a\000l\000\040\000T\000y\000p\000e\000s\000\040\000o\000f\000\040\000G\000r\000a\000p\000h\000s\000\051}{section.10}% 76
\BOOKMARK [2][-]{subsection.10.3}{\376\377\000F\000r\000a\000m\000s\000e\000t\000n\000i\000n\000g\000\040\000o\000g\000\040\000e\000i\000n\000s\000m\000\363\000t\000u\000n\000\040\000n\000e\000t\000a\000\040\000\050\000e\000.\000\040\000R\000e\000p\000r\000e\000s\000e\000n\000t\000i\000n\000g\000\040\000G\000r\000a\000p\000h\000s\000\040\000a\000n\000d\000\040\000G\000r\000a\000p\000h\000\040\000I\000s\000o\000m\000o\000r\000p\000h\000i\000s\000m\000\051}{section.10}% 77
\BOOKMARK [2][-]{subsection.10.4}{\376\377\000T\000e\000n\000g\000s\000l\000\040\000n\000e\000t\000a\000\050\000e\000.\000\040\000C\000o\000n\000n\000e\000c\000t\000i\000v\000i\000t\000y\000\051}{section.10}% 78
\BOOKMARK [2][-]{subsection.10.5}{\376\377\000E\000u\000l\000e\000r\000\040\000o\000g\000\040\000H\000a\000m\000i\000l\000t\000o\000n\000\040\000l\000e\000i\000\360\000i\000r\000\040\000\050\000e\000.\000\040\000E\000u\000l\000e\000r\000\040\000a\000n\000d\000\040\000H\000a\000m\000i\000l\000t\000o\000n\000\040\000P\000a\000t\000h\000s\000\051}{section.10}% 79
\BOOKMARK [2][-]{subsection.10.6}{\376\377\000S\000t\000y\000r\000s\000t\000a\000\040\000l\000e\000i\000\360\000\040\000\050\000e\000.\000\040\000S\000h\000o\000r\000t\000e\000s\000t\000-\000P\000a\000t\000h\000\040\000P\000r\000o\000b\000l\000e\000m\000s\000\051}{section.10}% 80
\BOOKMARK [2][-]{subsection.10.8}{\376\377\000L\000i\000t\000u\000n\000\040\000n\000e\000t\000a\000\040\000\050\000e\000.\000\040\000G\000r\000a\000p\000h\000\040\000C\000o\000l\000o\000r\000i\000n\000g\000\051}{section.10}% 81
